Using pre-set license
Built from '2020.3/staging' branch; Version is '2020.3.19f1 (68f137dc9bbe) revision 6877495'; Using compiler version '192528614'; Build Type 'Release'
OS: 'Windows 10 Education; OS build 22000.493; Version 2009; 64bit' Language: 'es' Physical Memory: 16321 MB
BatchMode: 1, IsHumanControllingUs: 0, StartBugReporterOnCrash: 0, Is64bit: 1, IsPro: 0

COMMAND LINE ARGUMENTS:
C:\Program Files\Unity\Hub\Editor\2020.3.19f1\Editor\Unity.exe
-adb2
-batchMode
-noUpm
-name
AssetImportWorker0
-projectPath
E:/Action RPG Project
-logFile
Logs/AssetImportWorker0.log
-srvPort
62491
Successfully changed project path to: E:/Action RPG Project
E:/Action RPG Project
Using Asset Import Pipeline V2.
Refreshing native plugins compatible for Editor in 84.67 ms, found 2 plugins.
Preloading 0 native plugins for Editor in 0.00 ms.
Initialize engine version: 2020.3.19f1 (68f137dc9bbe)
[Subsystems] Discovering subsystems at path C:/Program Files/Unity/Hub/Editor/2020.3.19f1/Editor/Data/Resources/UnitySubsystems
[Subsystems] Discovering subsystems at path E:/Action RPG Project/Assets
GfxDevice: creating device client; threaded=0
Direct3D:
    Version:  Direct3D 11.0 [level 11.1]
    Renderer: NVIDIA GeForce RTX 2070 SUPER (ID=0x1e84)
    Vendor:   
    VRAM:     8012 MB
    Driver:   30.0.15.1179
Initialize mono
Mono path[0] = 'C:/Program Files/Unity/Hub/Editor/2020.3.19f1/Editor/Data/Managed'
Mono path[1] = 'C:/Program Files/Unity/Hub/Editor/2020.3.19f1/Editor/Data/MonoBleedingEdge/lib/mono/unityjit'
Mono config path = 'C:/Program Files/Unity/Hub/Editor/2020.3.19f1/Editor/Data/MonoBleedingEdge/etc'
Using monoOptions --debugger-agent=transport=dt_socket,embedding=1,server=y,suspend=n,address=127.0.0.1:56540
Begin MonoManager ReloadAssembly
Registering precompiled unity dll's ...
Register platform support module: C:/Program Files/Unity/Hub/Editor/2020.3.19f1/Editor/Data/PlaybackEngines/WebGLSupport/UnityEditor.WebGL.Extensions.dll
Register platform support module: C:/Program Files/Unity/Hub/Editor/2020.3.19f1/Editor/Data/PlaybackEngines/WindowsStandaloneSupport/UnityEditor.WindowsStandalone.Extensions.dll
Registered in 0.001386 seconds.
Native extension for WindowsStandalone target not found
Native extension for WebGL target not found
Refreshing native plugins compatible for Editor in 84.50 ms, found 2 plugins.
Preloading 0 native plugins for Editor in 0.00 ms.
Mono: successfully reloaded assembly
- Completed reload, in  0.889 seconds
Domain Reload Profiling:
	ReloadAssembly (890ms)
		BeginReloadAssembly (36ms)
			ExecutionOrderSort (0ms)
			DisableScriptedObjects (0ms)
			BackupInstance (0ms)
			ReleaseScriptingObjects (0ms)
			CreateAndSetChildDomain (1ms)
		EndReloadAssembly (388ms)
			LoadAssemblies (35ms)
			RebuildTransferFunctionScriptingTraits (0ms)
			SetupTypeCache (124ms)
			ReleaseScriptCaches (0ms)
			RebuildScriptCaches (23ms)
			SetupLoadedEditorAssemblies (185ms)
				LogAssemblyErrors (0ms)
				InitializePlatformSupportModulesInManaged (4ms)
				SetLoadedEditorAssemblies (0ms)
				RefreshPlugins (85ms)
				BeforeProcessingInitializeOnLoad (13ms)
				ProcessInitializeOnLoadAttributes (61ms)
				ProcessInitializeOnLoadMethodAttributes (23ms)
				AfterProcessingInitializeOnLoad (0ms)
				EditorAssembliesLoaded (0ms)
			ExecutionOrderSort2 (0ms)
			AwakeInstancesAfterBackupRestoration (0ms)
Platform modules already initialized, skipping
Registering precompiled user dll's ...
Registered in 0.003409 seconds.
Begin MonoManager ReloadAssembly
Native extension for WindowsStandalone target not found
Native extension for WebGL target not found
Refreshing native plugins compatible for Editor in 84.47 ms, found 2 plugins.
Preloading 0 native plugins for Editor in 0.00 ms.
Mono: successfully reloaded assembly
- Completed reload, in  1.672 seconds
Domain Reload Profiling:
	ReloadAssembly (1672ms)
		BeginReloadAssembly (104ms)
			ExecutionOrderSort (0ms)
			DisableScriptedObjects (4ms)
			BackupInstance (0ms)
			ReleaseScriptingObjects (0ms)
			CreateAndSetChildDomain (14ms)
		EndReloadAssembly (1522ms)
			LoadAssemblies (74ms)
			RebuildTransferFunctionScriptingTraits (0ms)
			SetupTypeCache (307ms)
			ReleaseScriptCaches (1ms)
			RebuildScriptCaches (68ms)
			SetupLoadedEditorAssemblies (973ms)
				LogAssemblyErrors (0ms)
				InitializePlatformSupportModulesInManaged (4ms)
				SetLoadedEditorAssemblies (0ms)
				RefreshPlugins (85ms)
				BeforeProcessingInitializeOnLoad (87ms)
				ProcessInitializeOnLoadAttributes (674ms)
				ProcessInitializeOnLoadMethodAttributes (121ms)
				AfterProcessingInitializeOnLoad (3ms)
				EditorAssembliesLoaded (0ms)
			ExecutionOrderSort2 (0ms)
			AwakeInstancesAfterBackupRestoration (5ms)
Platform modules already initialized, skipping
========================================================================
Worker process is ready to serve import requests
Launched and connected shader compiler UnityShaderCompiler.exe after 0.04 seconds
Refreshing native plugins compatible for Editor in 1.03 ms, found 2 plugins.
Preloading 0 native plugins for Editor in 0.00 ms.
Unloading 5044 Unused Serialized files (Serialized files now loaded: 0)
System memory in use before: 224.1 MB.
System memory in use after: 224.5 MB.

Unloading 61 unused Assets to reduce memory usage. Loaded Objects now: 5457.
Total: 6.118300 ms (FindLiveObjects: 0.396000 ms CreateObjectMapping: 0.286600 ms MarkObjects: 5.373700 ms  DeleteObjects: 0.061000 ms)

AssetImportParameters requested are different than current active one (requested -> active):
  custom:framework-win-MediaFoundation: 216162199b28c13a410421893ffa2e32 -> 
  custom:video-decoder-ogg-theora: a1e56fd34408186e4bbccfd4996cb3dc -> 
  custom:container-muxer-webm: aa71ff27fc2769a1b78a27578f13a17b -> 
  custom:container-demuxer-webm: 4f35f7cbe854078d1ac9338744f61a02 -> 
  custom:container-demuxer-ogg: 62fdf1f143b41e24485cea50d1cbac27 -> 
  custom:video-encoder-webm-vp8: eb34c28f22e8b96e1ab97ce403110664 -> 
  custom:video-decoder-webm-vp8: 9c59270c3fd7afecdb556c50c9e8de78 -> 
  custom:audio-decoder-ogg-vorbis: bf7c407c2cedff20999df2af8eb42d56 -> 
  custom:audio-encoder-webm-vorbis: bf7c407c2cedff20999df2af8eb42d56 -> 
========================================================================
Received Import Request.
  path: Assets/Player/Animation/Animations Archer Individual/demon_t_wiezzorek@Standing Run Back.fbx
  artifactKey: Guid(86f852a2a962b6a45b67a4badada4636) Importer(815301076,1909f56bfc062723c751e8b465ee728b)
Start importing Assets/Player/Animation/Animations Archer Individual/demon_t_wiezzorek@Standing Run Back.fbx using Guid(86f852a2a962b6a45b67a4badada4636) Importer(815301076,1909f56bfc062723c751e8b465ee728b)  -> (artifact id: '33f7c96ad6b4d8f2046de4054a48b411') in 0.049109 seconds 
  Import took 0.055034 seconds .

========================================================================
Received Import Request.
  Time since last request: 0.000169 seconds.
  path: Assets/Player/Animation/Animations Archer Individual/demon_t_wiezzorek@Standing Run Left.fbx
  artifactKey: Guid(7d5c3c86358d0004083cd70fb3919dcc) Importer(815301076,1909f56bfc062723c751e8b465ee728b)
Start importing Assets/Player/Animation/Animations Archer Individual/demon_t_wiezzorek@Standing Run Left.fbx using Guid(7d5c3c86358d0004083cd70fb3919dcc) Importer(815301076,1909f56bfc062723c751e8b465ee728b)  -> (artifact id: 'fff7c8b8280db08e0b998ce6633f1801') in 0.011674 seconds 
  Import took 0.017644 seconds .

========================================================================
Received Import Request.
  Time since last request: 0.000170 seconds.
  path: Assets/Player/Animation/Animations Archer Individual/demon_t_wiezzorek@Standing Run Forward.fbx
  artifactKey: Guid(e5321831562200c40ac8bc1d1c8adfce) Importer(815301076,1909f56bfc062723c751e8b465ee728b)
Start importing Assets/Player/Animation/Animations Archer Individual/demon_t_wiezzorek@Standing Run Forward.fbx using Guid(e5321831562200c40ac8bc1d1c8adfce) Importer(815301076,1909f56bfc062723c751e8b465ee728b)  -> (artifact id: 'fd24077cf1ae7d4db405a576d38b7710') in 0.615150 seconds 
  Import took 0.623591 seconds .

========================================================================
Received Import Request.
  Time since last request: 0.000171 seconds.
  path: Assets/Player/Animation/Animations Archer Individual/demon_t_wiezzorek@Standing Run Right.fbx
  artifactKey: Guid(d2e80bc77ba533542bbb558cefff344f) Importer(815301076,1909f56bfc062723c751e8b465ee728b)
Start importing Assets/Player/Animation/Animations Archer Individual/demon_t_wiezzorek@Standing Run Right.fbx using Guid(d2e80bc77ba533542bbb558cefff344f) Importer(815301076,1909f56bfc062723c751e8b465ee728b)  -> (artifact id: 'bdc21ff8e4b86cf7d9d7e8a4fbb632ff') in 0.011869 seconds 
  Import took 0.019059 seconds .

========================================================================
Received Prepare
Registering precompiled user dll's ...
Registered in 0.003645 seconds.
Begin MonoManager ReloadAssembly
Native extension for WindowsStandalone target not found
Native extension for WebGL target not found
Refreshing native plugins compatible for Editor in 0.93 ms, found 2 plugins.
Preloading 0 native plugins for Editor in 0.00 ms.
Mono: successfully reloaded assembly
- Completed reload, in  1.269 seconds
Domain Reload Profiling:
	ReloadAssembly (1269ms)
		BeginReloadAssembly (149ms)
			ExecutionOrderSort (0ms)
			DisableScriptedObjects (23ms)
			BackupInstance (0ms)
			ReleaseScriptingObjects (0ms)
			CreateAndSetChildDomain (40ms)
		EndReloadAssembly (1075ms)
			LoadAssemblies (76ms)
			RebuildTransferFunctionScriptingTraits (0ms)
			SetupTypeCache (298ms)
			ReleaseScriptCaches (1ms)
			RebuildScriptCaches (56ms)
			SetupLoadedEditorAssemblies (450ms)
				LogAssemblyErrors (0ms)
				InitializePlatformSupportModulesInManaged (4ms)
				SetLoadedEditorAssemblies (0ms)
				RefreshPlugins (1ms)
				BeforeProcessingInitializeOnLoad (80ms)
				ProcessInitializeOnLoadAttributes (331ms)
				ProcessInitializeOnLoadMethodAttributes (30ms)
				AfterProcessingInitializeOnLoad (4ms)
				EditorAssembliesLoaded (0ms)
			ExecutionOrderSort2 (0ms)
			AwakeInstancesAfterBackupRestoration (7ms)
Platform modules already initialized, skipping
Refreshing native plugins compatible for Editor in 1.00 ms, found 2 plugins.
Preloading 0 native plugins for Editor in 0.00 ms.
Unloading 4782 Unused Serialized files (Serialized files now loaded: 0)
System memory in use before: 240.9 MB.
System memory in use after: 241.3 MB.

Unloading 50 unused Assets to reduce memory usage. Loaded Objects now: 5629.
Total: 5.828900 ms (FindLiveObjects: 0.377700 ms CreateObjectMapping: 0.242600 ms MarkObjects: 5.185600 ms  DeleteObjects: 0.022300 ms)

AssetImportParameters requested are different than current active one (requested -> active):
  custom:framework-win-MediaFoundation: 216162199b28c13a410421893ffa2e32 -> 
  custom:video-decoder-ogg-theora: a1e56fd34408186e4bbccfd4996cb3dc -> 
  custom:container-muxer-webm: aa71ff27fc2769a1b78a27578f13a17b -> 
  custom:container-demuxer-webm: 4f35f7cbe854078d1ac9338744f61a02 -> 
  custom:container-demuxer-ogg: 62fdf1f143b41e24485cea50d1cbac27 -> 
  custom:video-encoder-webm-vp8: eb34c28f22e8b96e1ab97ce403110664 -> 
  custom:video-decoder-webm-vp8: 9c59270c3fd7afecdb556c50c9e8de78 -> 
  custom:audio-decoder-ogg-vorbis: bf7c407c2cedff20999df2af8eb42d56 -> 
  custom:audio-encoder-webm-vorbis: bf7c407c2cedff20999df2af8eb42d56 -> 
========================================================================
Received Import Request.
  Time since last request: 44.874075 seconds.
  path: Assets/Player/Animation/Animations Archer Individual/demon_t_wiezzorek@Standing Idle 02 Looking 1.fbx
  artifactKey: Guid(965f59cd3af8215438f2b9b1a521c9b6) Importer(815301076,1909f56bfc062723c751e8b465ee728b)
Start importing Assets/Player/Animation/Animations Archer Individual/demon_t_wiezzorek@Standing Idle 02 Looking 1.fbx using Guid(965f59cd3af8215438f2b9b1a521c9b6) Importer(815301076,1909f56bfc062723c751e8b465ee728b)  -> (artifact id: 'fbef8482d7ef8735405d029b6dc1b6f0') in 0.507996 seconds 
  Import took 0.531333 seconds .

========================================================================
Received Import Request.
  Time since last request: 7.750214 seconds.
  path: Assets/Player/Animation/Animations Archer Individual/demon_t_wiezzorek@Standing Walk Right.fbx
  artifactKey: Guid(e6efa03e02f70d840a3d75ff262b7b3d) Importer(815301076,1909f56bfc062723c751e8b465ee728b)
Start importing Assets/Player/Animation/Animations Archer Individual/demon_t_wiezzorek@Standing Walk Right.fbx using Guid(e6efa03e02f70d840a3d75ff262b7b3d) Importer(815301076,1909f56bfc062723c751e8b465ee728b)  -> (artifact id: '84f6481c70fde5ddcbdb3a1106a313cd') in 0.011681 seconds 
  Import took 0.018514 seconds .

========================================================================
Received Import Request.
  Time since last request: 6.494992 seconds.
  path: Assets/Player/Animation/Animations Archer Individual/demon_t_wiezzorek@Standing Walk Left.fbx
  artifactKey: Guid(d5eb13e83ad14ec49b5912a8ae677ae2) Importer(815301076,1909f56bfc062723c751e8b465ee728b)
Start importing Assets/Player/Animation/Animations Archer Individual/demon_t_wiezzorek@Standing Walk Left.fbx using Guid(d5eb13e83ad14ec49b5912a8ae677ae2) Importer(815301076,1909f56bfc062723c751e8b465ee728b)  -> (artifact id: '97370d018b276ec3a5e5f66929658e85') in 0.010702 seconds 
  Import took 0.017210 seconds .

========================================================================
Received Import Request.
  Time since last request: 9.700886 seconds.
  path: Assets/Player/Animation/Animations Archer Individual/demon_t_wiezzorek@Standing Walk Forward.fbx
  artifactKey: Guid(2e1b96e90ef910848a94efbe0ddd1436) Importer(815301076,1909f56bfc062723c751e8b465ee728b)
Start importing Assets/Player/Animation/Animations Archer Individual/demon_t_wiezzorek@Standing Walk Forward.fbx using Guid(2e1b96e90ef910848a94efbe0ddd1436) Importer(815301076,1909f56bfc062723c751e8b465ee728b)  -> (artifact id: '966a3fb5cf0dc07e56e606c3ccdef32c') in 0.141387 seconds 
  Import took 0.148212 seconds .

========================================================================
Received Import Request.
  Time since last request: 9.643223 seconds.
  path: Assets/Player/Animation/Animations Archer Individual/demon_t_wiezzorek@Standing Walk Back.fbx
  artifactKey: Guid(91d9e511bd84dad43bdfdfdb8749108a) Importer(815301076,1909f56bfc062723c751e8b465ee728b)
Start importing Assets/Player/Animation/Animations Archer Individual/demon_t_wiezzorek@Standing Walk Back.fbx using Guid(91d9e511bd84dad43bdfdfdb8749108a) Importer(815301076,1909f56bfc062723c751e8b465ee728b)  -> (artifact id: '795c83d90087513b08e1ea6d077173a0') in 0.137728 seconds 
  Import took 0.144373 seconds .

========================================================================
Received Import Request.
  Time since last request: 5.574755 seconds.
  path: Assets/Player/Animation/Animations Archer Individual/demon_t_wiezzorek@Standing Run Right.fbx
  artifactKey: Guid(d2e80bc77ba533542bbb558cefff344f) Importer(815301076,1909f56bfc062723c751e8b465ee728b)
Start importing Assets/Player/Animation/Animations Archer Individual/demon_t_wiezzorek@Standing Run Right.fbx using Guid(d2e80bc77ba533542bbb558cefff344f) Importer(815301076,1909f56bfc062723c751e8b465ee728b)  -> (artifact id: '2d4623a8ab75972ecc5cfd1b6b3c87af') in 0.008348 seconds 
  Import took 0.016237 seconds .

========================================================================
Received Import Request.
  Time since last request: 21.904995 seconds.
  path: Assets/Player/Animation/Animations Archer Individual/demon_t_wiezzorek@Standing Idle 02 Looking.fbx
  artifactKey: Guid(b9e4ee34b7d77834bbe9354b8ae72a65) Importer(815301076,1909f56bfc062723c751e8b465ee728b)
Start importing Assets/Player/Animation/Animations Archer Individual/demon_t_wiezzorek@Standing Idle 02 Looking.fbx using Guid(b9e4ee34b7d77834bbe9354b8ae72a65) Importer(815301076,1909f56bfc062723c751e8b465ee728b)  -> (artifact id: 'd457fadd566d20e6fb66b22fb205d49d') in 0.155920 seconds 
  Import took 0.163211 seconds .

========================================================================
Received Prepare
Registering precompiled user dll's ...
Registered in 0.003481 seconds.
Begin MonoManager ReloadAssembly
Native extension for WindowsStandalone target not found
Native extension for WebGL target not found
Refreshing native plugins compatible for Editor in 0.93 ms, found 2 plugins.
Preloading 0 native plugins for Editor in 0.00 ms.
Mono: successfully reloaded assembly
- Completed reload, in  1.280 seconds
Domain Reload Profiling:
	ReloadAssembly (1280ms)
		BeginReloadAssembly (131ms)
			ExecutionOrderSort (0ms)
			DisableScriptedObjects (28ms)
			BackupInstance (0ms)
			ReleaseScriptingObjects (0ms)
			CreateAndSetChildDomain (42ms)
		EndReloadAssembly (1102ms)
			LoadAssemblies (77ms)
			RebuildTransferFunctionScriptingTraits (0ms)
			SetupTypeCache (313ms)
			ReleaseScriptCaches (1ms)
			RebuildScriptCaches (57ms)
			SetupLoadedEditorAssemblies (465ms)
				LogAssemblyErrors (0ms)
				InitializePlatformSupportModulesInManaged (4ms)
				SetLoadedEditorAssemblies (0ms)
				RefreshPlugins (1ms)
				BeforeProcessingInitializeOnLoad (80ms)
				ProcessInitializeOnLoadAttributes (343ms)
				ProcessInitializeOnLoadMethodAttributes (33ms)
				AfterProcessingInitializeOnLoad (4ms)
				EditorAssembliesLoaded (0ms)
			ExecutionOrderSort2 (0ms)
			AwakeInstancesAfterBackupRestoration (16ms)
Platform modules already initialized, skipping
Refreshing native plugins compatible for Editor in 1.07 ms, found 2 plugins.
Preloading 0 native plugins for Editor in 0.00 ms.
Unloading 4769 Unused Serialized files (Serialized files now loaded: 0)
System memory in use before: 240.8 MB.
System memory in use after: 241.2 MB.

Unloading 50 unused Assets to reduce memory usage. Loaded Objects now: 5732.
Total: 6.497300 ms (FindLiveObjects: 0.459900 ms CreateObjectMapping: 0.339300 ms MarkObjects: 5.668600 ms  DeleteObjects: 0.028500 ms)

AssetImportParameters requested are different than current active one (requested -> active):
  custom:framework-win-MediaFoundation: 216162199b28c13a410421893ffa2e32 -> 
  custom:video-decoder-ogg-theora: a1e56fd34408186e4bbccfd4996cb3dc -> 
  custom:container-muxer-webm: aa71ff27fc2769a1b78a27578f13a17b -> 
  custom:container-demuxer-webm: 4f35f7cbe854078d1ac9338744f61a02 -> 
  custom:container-demuxer-ogg: 62fdf1f143b41e24485cea50d1cbac27 -> 
  custom:video-encoder-webm-vp8: eb34c28f22e8b96e1ab97ce403110664 -> 
  custom:video-decoder-webm-vp8: 9c59270c3fd7afecdb556c50c9e8de78 -> 
  custom:audio-decoder-ogg-vorbis: bf7c407c2cedff20999df2af8eb42d56 -> 
  custom:audio-encoder-webm-vorbis: bf7c407c2cedff20999df2af8eb42d56 -> 
