Using pre-set license
Built from '2020.3/staging' branch; Version is '2020.3.19f1 (68f137dc9bbe) revision 6877495'; Using compiler version '192528614'; Build Type 'Release'
OS: 'Windows 10 Education; OS build 22000.434; Version 2009; 64bit' Language: 'es' Physical Memory: 16321 MB
BatchMode: 1, IsHumanControllingUs: 0, StartBugReporterOnCrash: 0, Is64bit: 1, IsPro: 0

COMMAND LINE ARGUMENTS:
C:\Program Files\Unity\Hub\Editor\2020.3.19f1\Editor\Unity.exe
-adb2
-batchMode
-noUpm
-name
AssetImportWorker1
-projectPath
E:/Action RPG Project
-logFile
Logs/AssetImportWorker1.log
-srvPort
57850
Successfully changed project path to: E:/Action RPG Project
E:/Action RPG Project
Using Asset Import Pipeline V2.
Refreshing native plugins compatible for Editor in 81.97 ms, found 2 plugins.
Preloading 0 native plugins for Editor in 0.00 ms.
Initialize engine version: 2020.3.19f1 (68f137dc9bbe)
[Subsystems] Discovering subsystems at path C:/Program Files/Unity/Hub/Editor/2020.3.19f1/Editor/Data/Resources/UnitySubsystems
[Subsystems] Discovering subsystems at path E:/Action RPG Project/Assets
GfxDevice: creating device client; threaded=0
Direct3D:
    Version:  Direct3D 11.0 [level 11.1]
    Renderer: NVIDIA GeForce RTX 2070 SUPER (ID=0x1e84)
    Vendor:   
    VRAM:     8012 MB
    Driver:   30.0.14.9729
Initialize mono
Mono path[0] = 'C:/Program Files/Unity/Hub/Editor/2020.3.19f1/Editor/Data/Managed'
Mono path[1] = 'C:/Program Files/Unity/Hub/Editor/2020.3.19f1/Editor/Data/MonoBleedingEdge/lib/mono/unityjit'
Mono config path = 'C:/Program Files/Unity/Hub/Editor/2020.3.19f1/Editor/Data/MonoBleedingEdge/etc'
Using monoOptions --debugger-agent=transport=dt_socket,embedding=1,server=y,suspend=n,address=127.0.0.1:56920
Begin MonoManager ReloadAssembly
Registering precompiled unity dll's ...
Register platform support module: C:/Program Files/Unity/Hub/Editor/2020.3.19f1/Editor/Data/PlaybackEngines/WebGLSupport/UnityEditor.WebGL.Extensions.dll
Register platform support module: C:/Program Files/Unity/Hub/Editor/2020.3.19f1/Editor/Data/PlaybackEngines/WindowsStandaloneSupport/UnityEditor.WindowsStandalone.Extensions.dll
Registered in 0.001287 seconds.
Native extension for WindowsStandalone target not found
Native extension for WebGL target not found
Refreshing native plugins compatible for Editor in 80.68 ms, found 2 plugins.
Preloading 0 native plugins for Editor in 0.00 ms.
Mono: successfully reloaded assembly
- Completed reload, in  0.934 seconds
Domain Reload Profiling:
	ReloadAssembly (935ms)
		BeginReloadAssembly (39ms)
			ExecutionOrderSort (0ms)
			DisableScriptedObjects (0ms)
			BackupInstance (0ms)
			ReleaseScriptingObjects (0ms)
			CreateAndSetChildDomain (1ms)
		EndReloadAssembly (400ms)
			LoadAssemblies (38ms)
			RebuildTransferFunctionScriptingTraits (0ms)
			SetupTypeCache (129ms)
			ReleaseScriptCaches (0ms)
			RebuildScriptCaches (24ms)
			SetupLoadedEditorAssemblies (187ms)
				LogAssemblyErrors (0ms)
				InitializePlatformSupportModulesInManaged (4ms)
				SetLoadedEditorAssemblies (0ms)
				RefreshPlugins (81ms)
				BeforeProcessingInitializeOnLoad (14ms)
				ProcessInitializeOnLoadAttributes (66ms)
				ProcessInitializeOnLoadMethodAttributes (23ms)
				AfterProcessingInitializeOnLoad (0ms)
				EditorAssembliesLoaded (0ms)
			ExecutionOrderSort2 (0ms)
			AwakeInstancesAfterBackupRestoration (0ms)
Platform modules already initialized, skipping
Registering precompiled user dll's ...
Registered in 0.003037 seconds.
Begin MonoManager ReloadAssembly
Native extension for WindowsStandalone target not found
Native extension for WebGL target not found
Refreshing native plugins compatible for Editor in 81.06 ms, found 2 plugins.
Preloading 0 native plugins for Editor in 0.00 ms.
Mono: successfully reloaded assembly
- Completed reload, in  2.381 seconds
Domain Reload Profiling:
	ReloadAssembly (2385ms)
		BeginReloadAssembly (110ms)
			ExecutionOrderSort (0ms)
			DisableScriptedObjects (3ms)
			BackupInstance (0ms)
			ReleaseScriptingObjects (0ms)
			CreateAndSetChildDomain (14ms)
		EndReloadAssembly (2223ms)
			LoadAssemblies (78ms)
			RebuildTransferFunctionScriptingTraits (0ms)
			SetupTypeCache (581ms)
			ReleaseScriptCaches (1ms)
			RebuildScriptCaches (69ms)
			SetupLoadedEditorAssemblies (1385ms)
				LogAssemblyErrors (0ms)
				InitializePlatformSupportModulesInManaged (4ms)
				SetLoadedEditorAssemblies (0ms)
				RefreshPlugins (81ms)
				BeforeProcessingInitializeOnLoad (93ms)
				ProcessInitializeOnLoadAttributes (406ms)
				ProcessInitializeOnLoadMethodAttributes (798ms)
				AfterProcessingInitializeOnLoad (3ms)
				EditorAssembliesLoaded (0ms)
			ExecutionOrderSort2 (0ms)
			AwakeInstancesAfterBackupRestoration (5ms)
Platform modules already initialized, skipping
========================================================================
Worker process is ready to serve import requests
Launched and connected shader compiler UnityShaderCompiler.exe after 0.07 seconds
Refreshing native plugins compatible for Editor in 1.04 ms, found 2 plugins.
Preloading 0 native plugins for Editor in 0.00 ms.
Unloading 4635 Unused Serialized files (Serialized files now loaded: 0)
System memory in use before: 204.9 MB.
System memory in use after: 205.1 MB.

Unloading 60 unused Assets to reduce memory usage. Loaded Objects now: 5048.
Total: 6.009000 ms (FindLiveObjects: 0.302600 ms CreateObjectMapping: 0.178900 ms MarkObjects: 5.451200 ms  DeleteObjects: 0.075100 ms)

AssetImportParameters requested are different than current active one (requested -> active):
  custom:framework-win-MediaFoundation: 216162199b28c13a410421893ffa2e32 -> 
  custom:video-decoder-ogg-theora: a1e56fd34408186e4bbccfd4996cb3dc -> 
  custom:container-muxer-webm: aa71ff27fc2769a1b78a27578f13a17b -> 
  custom:container-demuxer-webm: 4f35f7cbe854078d1ac9338744f61a02 -> 
  custom:container-demuxer-ogg: 62fdf1f143b41e24485cea50d1cbac27 -> 
  custom:video-encoder-webm-vp8: eb34c28f22e8b96e1ab97ce403110664 -> 
  custom:video-decoder-webm-vp8: 9c59270c3fd7afecdb556c50c9e8de78 -> 
  custom:audio-decoder-ogg-vorbis: bf7c407c2cedff20999df2af8eb42d56 -> 
  custom:audio-encoder-webm-vorbis: bf7c407c2cedff20999df2af8eb42d56 -> 
========================================================================
Received Import Request.
  path: Assets/Player/Animation/Animations Archer/standing dodge backward.fbx
  artifactKey: Guid(dde929e50140f39498908ab95144a1a1) Importer(815301076,1909f56bfc062723c751e8b465ee728b)
Start importing Assets/Player/Animation/Animations Archer/standing dodge backward.fbx using Guid(dde929e50140f39498908ab95144a1a1) Importer(815301076,1909f56bfc062723c751e8b465ee728b)  -> (artifact id: '5bce9df65a3a6d68cd3e8bb409e94f67') in 0.117018 seconds 
  Import took 0.123185 seconds .

========================================================================
Received Import Request.
  Time since last request: 7.997981 seconds.
  path: Assets/Player/Animation/Animations Archer/standing dodge forward.fbx
  artifactKey: Guid(aff6895150a52d540908091203609563) Importer(815301076,1909f56bfc062723c751e8b465ee728b)
Start importing Assets/Player/Animation/Animations Archer/standing dodge forward.fbx using Guid(aff6895150a52d540908091203609563) Importer(815301076,1909f56bfc062723c751e8b465ee728b)  -> (artifact id: '77401dbeffb449eb592660d6bf384ef5') in 0.011353 seconds 
  Import took 0.017069 seconds .

========================================================================
Received Import Request.
  Time since last request: 14.526490 seconds.
  path: Assets/Player/Animation/Animations Archer/standing dodge forward.fbx
  artifactKey: Guid(aff6895150a52d540908091203609563) Importer(815301076,1909f56bfc062723c751e8b465ee728b)
Start importing Assets/Player/Animation/Animations Archer/standing dodge forward.fbx using Guid(aff6895150a52d540908091203609563) Importer(815301076,1909f56bfc062723c751e8b465ee728b)  -> (artifact id: 'fe62886865b11a5994cea9fc37c2aa4a') in 0.008859 seconds 
  Import took 0.014907 seconds .

========================================================================
Received Import Request.
  Time since last request: 14.151198 seconds.
  path: Assets/Player/Animation/Animations Archer/standing dodge left.fbx
  artifactKey: Guid(101d57b2f2f5f2f469ef1a3e395c904a) Importer(815301076,1909f56bfc062723c751e8b465ee728b)
Start importing Assets/Player/Animation/Animations Archer/standing dodge left.fbx using Guid(101d57b2f2f5f2f469ef1a3e395c904a) Importer(815301076,1909f56bfc062723c751e8b465ee728b)  -> (artifact id: '6f5978a1fa21525b8d34f26062387426') in 0.011493 seconds 
  Import took 0.017504 seconds .

========================================================================
Received Import Request.
  Time since last request: 15.465071 seconds.
  path: Assets/Player/Animation/Animations Archer/standing dodge right.fbx
  artifactKey: Guid(913c15845cbea9c4fb56bb120e2ab27a) Importer(815301076,1909f56bfc062723c751e8b465ee728b)
Start importing Assets/Player/Animation/Animations Archer/standing dodge right.fbx using Guid(913c15845cbea9c4fb56bb120e2ab27a) Importer(815301076,1909f56bfc062723c751e8b465ee728b)  -> (artifact id: '63fe1e1fda88099f1de669edc7cdb221') in 0.018904 seconds 
  Import took 0.024528 seconds .

========================================================================
Received Import Request.
  Time since last request: 162.335203 seconds.
  path: Assets/Player/Animation/Animations Archer/standing melee kick.fbx
  artifactKey: Guid(50b01ee0f999d294aa590862d8584100) Importer(815301076,1909f56bfc062723c751e8b465ee728b)
Start importing Assets/Player/Animation/Animations Archer/standing melee kick.fbx using Guid(50b01ee0f999d294aa590862d8584100) Importer(815301076,1909f56bfc062723c751e8b465ee728b)  -> (artifact id: 'a58d3cc156ca5e94cce97273d454f1c6') in 0.011417 seconds 
  Import took 0.017349 seconds .

========================================================================
Received Import Request.
  Time since last request: 18.572569 seconds.
  path: Assets/Player/Animation/Animations Archer/standing dodge backward.fbx
  artifactKey: Guid(dde929e50140f39498908ab95144a1a1) Importer(815301076,1909f56bfc062723c751e8b465ee728b)
Start importing Assets/Player/Animation/Animations Archer/standing dodge backward.fbx using Guid(dde929e50140f39498908ab95144a1a1) Importer(815301076,1909f56bfc062723c751e8b465ee728b)  -> (artifact id: '8469758b96613e10c0a0cd2bdb2012a5') in 0.008051 seconds 
  Import took 0.014554 seconds .

========================================================================
Received Import Request.
  Time since last request: 6.751677 seconds.
  path: Assets/Player/Animation/Animations Archer/standing dodge forward.fbx
  artifactKey: Guid(aff6895150a52d540908091203609563) Importer(815301076,1909f56bfc062723c751e8b465ee728b)
Start importing Assets/Player/Animation/Animations Archer/standing dodge forward.fbx using Guid(aff6895150a52d540908091203609563) Importer(815301076,1909f56bfc062723c751e8b465ee728b)  -> (artifact id: '44d721cf0d221f94ec1930c34bc8f7af') in 0.007473 seconds 
  Import took 0.013328 seconds .

========================================================================
Received Import Request.
  Time since last request: 6.025991 seconds.
  path: Assets/Player/Animation/Animations Archer/standing dodge left.fbx
  artifactKey: Guid(101d57b2f2f5f2f469ef1a3e395c904a) Importer(815301076,1909f56bfc062723c751e8b465ee728b)
Start importing Assets/Player/Animation/Animations Archer/standing dodge left.fbx using Guid(101d57b2f2f5f2f469ef1a3e395c904a) Importer(815301076,1909f56bfc062723c751e8b465ee728b)  -> (artifact id: '31222830cbcba28b1234cafd45afaaeb') in 0.006938 seconds 
  Import took 0.013211 seconds .

========================================================================
Received Import Request.
  Time since last request: 41.708595 seconds.
  path: Assets/Player/Animation/Animations Archer/standing dodge right.fbx
  artifactKey: Guid(913c15845cbea9c4fb56bb120e2ab27a) Importer(815301076,1909f56bfc062723c751e8b465ee728b)
Start importing Assets/Player/Animation/Animations Archer/standing dodge right.fbx using Guid(913c15845cbea9c4fb56bb120e2ab27a) Importer(815301076,1909f56bfc062723c751e8b465ee728b)  -> (artifact id: 'd19122c8345fc8b8170c221062e694f0') in 0.010331 seconds 
  Import took 0.016674 seconds .

========================================================================
Received Import Request.
  Time since last request: 29.592131 seconds.
  path: Assets/Player/Animation/Animations Archer/standing equip bow.fbx
  artifactKey: Guid(bd1a94bbfc7e96b4f87c8d6c394765aa) Importer(815301076,1909f56bfc062723c751e8b465ee728b)
Start importing Assets/Player/Animation/Animations Archer/standing equip bow.fbx using Guid(bd1a94bbfc7e96b4f87c8d6c394765aa) Importer(815301076,1909f56bfc062723c751e8b465ee728b)  -> (artifact id: 'fbf3eac4fb70567e30d9adb7f2e70009') in 0.010363 seconds 
  Import took 0.016356 seconds .

========================================================================
Received Import Request.
  Time since last request: 4.355742 seconds.
  path: Assets/Player/Animation/Animations Archer/standing equip bow.fbx
  artifactKey: Guid(bd1a94bbfc7e96b4f87c8d6c394765aa) Importer(815301076,1909f56bfc062723c751e8b465ee728b)
Start importing Assets/Player/Animation/Animations Archer/standing equip bow.fbx using Guid(bd1a94bbfc7e96b4f87c8d6c394765aa) Importer(815301076,1909f56bfc062723c751e8b465ee728b)  -> (artifact id: '638afbb3bd954591e58743a287c738c1') in 0.008349 seconds 
  Import took 0.015378 seconds .

========================================================================
Received Import Request.
  Time since last request: 42.014176 seconds.
  path: Assets/Player/Animation/Animations Archer/standing idle 02 looking.fbx
  artifactKey: Guid(2ddaba207a25582429003e1060663ff6) Importer(815301076,1909f56bfc062723c751e8b465ee728b)
Start importing Assets/Player/Animation/Animations Archer/standing idle 02 looking.fbx using Guid(2ddaba207a25582429003e1060663ff6) Importer(815301076,1909f56bfc062723c751e8b465ee728b)  -> (artifact id: '39588758af8284e541c9a50bf0b0d140') in 0.023818 seconds 
  Import took 0.030215 seconds .

========================================================================
Received Import Request.
  Time since last request: 7.272978 seconds.
  path: Assets/Player/Animation/Animations Archer/standing idle 03 examine.fbx
  artifactKey: Guid(99787d49ec9aeb04dadfab75baa83d4a) Importer(815301076,1909f56bfc062723c751e8b465ee728b)
Start importing Assets/Player/Animation/Animations Archer/standing idle 03 examine.fbx using Guid(99787d49ec9aeb04dadfab75baa83d4a) Importer(815301076,1909f56bfc062723c751e8b465ee728b)  -> (artifact id: '3e8bfc95e5f0b84c7fb4483de8770f69') in 0.010150 seconds 
  Import took 0.016037 seconds .

========================================================================
Received Import Request.
  Time since last request: 4.916480 seconds.
  path: Assets/Player/Animation/Animations Archer/standing idle 03 examine.fbx
  artifactKey: Guid(99787d49ec9aeb04dadfab75baa83d4a) Importer(815301076,1909f56bfc062723c751e8b465ee728b)
Start importing Assets/Player/Animation/Animations Archer/standing idle 03 examine.fbx using Guid(99787d49ec9aeb04dadfab75baa83d4a) Importer(815301076,1909f56bfc062723c751e8b465ee728b)  -> (artifact id: 'a168f7335ba5159b3a95b1c598c1cc5e') in 0.007554 seconds 
  Import took 0.013483 seconds .

========================================================================
Received Import Request.
  Time since last request: 13.658799 seconds.
  path: Assets/Player/Animation/Animations Archer/standing idle 03 examine.fbx
  artifactKey: Guid(99787d49ec9aeb04dadfab75baa83d4a) Importer(815301076,1909f56bfc062723c751e8b465ee728b)
Start importing Assets/Player/Animation/Animations Archer/standing idle 03 examine.fbx using Guid(99787d49ec9aeb04dadfab75baa83d4a) Importer(815301076,1909f56bfc062723c751e8b465ee728b)  -> (artifact id: 'e6df6379ebe7c8d1cee6f88a67afdfb0') in 0.007546 seconds 
  Import took 0.014695 seconds .

========================================================================
Received Import Request.
  Time since last request: 24.237961 seconds.
  path: Assets/Player/Animation/Animations Archer/standing melee kick.fbx
  artifactKey: Guid(50b01ee0f999d294aa590862d8584100) Importer(815301076,1909f56bfc062723c751e8b465ee728b)
Start importing Assets/Player/Animation/Animations Archer/standing melee kick.fbx using Guid(50b01ee0f999d294aa590862d8584100) Importer(815301076,1909f56bfc062723c751e8b465ee728b)  -> (artifact id: '68e85f18a527141f80b7a1b42e324041') in 0.008105 seconds 
  Import took 0.014208 seconds .

========================================================================
Received Import Request.
  Time since last request: 11.872425 seconds.
  path: Assets/Player/Animation/Animations Archer/standing melee punch.fbx
  artifactKey: Guid(047f98c1d0a1545469e9dfb918171793) Importer(815301076,1909f56bfc062723c751e8b465ee728b)
Start importing Assets/Player/Animation/Animations Archer/standing melee punch.fbx using Guid(047f98c1d0a1545469e9dfb918171793) Importer(815301076,1909f56bfc062723c751e8b465ee728b)  -> (artifact id: 'c4071588997fd64f7f9bbf8061d9f9ca') in 0.012719 seconds 
  Import took 0.018596 seconds .

========================================================================
Received Import Request.
  Time since last request: 2.131013 seconds.
  path: Assets/Player/Animation/Animations Archer/standing react small from front.fbx
  artifactKey: Guid(0ff43ac982eaee043925ae74e4e273bd) Importer(815301076,1909f56bfc062723c751e8b465ee728b)
Start importing Assets/Player/Animation/Animations Archer/standing react small from front.fbx using Guid(0ff43ac982eaee043925ae74e4e273bd) Importer(815301076,1909f56bfc062723c751e8b465ee728b)  -> (artifact id: '994467d65cdba9740d5558f64e728bc8') in 0.010785 seconds 
  Import took 0.016395 seconds .

========================================================================
Received Import Request.
  Time since last request: 4.959985 seconds.
  path: Assets/Player/Animation/Animations Archer/standing react small from front.fbx
  artifactKey: Guid(0ff43ac982eaee043925ae74e4e273bd) Importer(815301076,1909f56bfc062723c751e8b465ee728b)
Start importing Assets/Player/Animation/Animations Archer/standing react small from front.fbx using Guid(0ff43ac982eaee043925ae74e4e273bd) Importer(815301076,1909f56bfc062723c751e8b465ee728b)  -> (artifact id: 'd8025b99c24dddcc5da446d30024719c') in 0.007517 seconds 
  Import took 0.013765 seconds .

========================================================================
Received Import Request.
  Time since last request: 19.659508 seconds.
  path: Assets/Player/Animation/Animations Archer/standing react small from headshot.fbx
  artifactKey: Guid(fc38b9cc9093e61489221f1365529ec8) Importer(815301076,1909f56bfc062723c751e8b465ee728b)
Start importing Assets/Player/Animation/Animations Archer/standing react small from headshot.fbx using Guid(fc38b9cc9093e61489221f1365529ec8) Importer(815301076,1909f56bfc062723c751e8b465ee728b)  -> (artifact id: '9e658644861bd2077804f2def58f1c93') in 0.010718 seconds 
  Import took 0.016519 seconds .

========================================================================
Received Import Request.
  Time since last request: 10.822444 seconds.
  path: Assets/Player/Animation/Animations Archer/standing react small from headshot.fbx
  artifactKey: Guid(fc38b9cc9093e61489221f1365529ec8) Importer(815301076,1909f56bfc062723c751e8b465ee728b)
Start importing Assets/Player/Animation/Animations Archer/standing react small from headshot.fbx using Guid(fc38b9cc9093e61489221f1365529ec8) Importer(815301076,1909f56bfc062723c751e8b465ee728b)  -> (artifact id: '2ba36942b5d29c375095d1a1997ea6cd') in 0.007207 seconds 
  Import took 0.013052 seconds .

========================================================================
Received Import Request.
  Time since last request: 594.866290 seconds.
  path: Assets/Player/Animation/Animations Archer/standing react small from front.fbx
  artifactKey: Guid(0ff43ac982eaee043925ae74e4e273bd) Importer(815301076,1909f56bfc062723c751e8b465ee728b)
Start importing Assets/Player/Animation/Animations Archer/standing react small from front.fbx using Guid(0ff43ac982eaee043925ae74e4e273bd) Importer(815301076,1909f56bfc062723c751e8b465ee728b)  -> (artifact id: '48115d1a9e0beeaebf380df2a5371a26') in 0.008148 seconds 
  Import took 0.015029 seconds .

========================================================================
Received Import Request.
  Time since last request: 9.997207 seconds.
  path: Assets/Player/Animation/Animations Archer/standing react small from headshot.fbx
  artifactKey: Guid(fc38b9cc9093e61489221f1365529ec8) Importer(815301076,1909f56bfc062723c751e8b465ee728b)
Start importing Assets/Player/Animation/Animations Archer/standing react small from headshot.fbx using Guid(fc38b9cc9093e61489221f1365529ec8) Importer(815301076,1909f56bfc062723c751e8b465ee728b)  -> (artifact id: '68b3e6a6bcda899127c26adb522b384d') in 0.007471 seconds 
  Import took 0.013091 seconds .

========================================================================
Received Import Request.
  Time since last request: 6.151740 seconds.
  path: Assets/Player/Animation/Animations Archer/standing run back.fbx
  artifactKey: Guid(7fa7fe068c3113a4fa884fa75eafb504) Importer(815301076,1909f56bfc062723c751e8b465ee728b)
Start importing Assets/Player/Animation/Animations Archer/standing run back.fbx using Guid(7fa7fe068c3113a4fa884fa75eafb504) Importer(815301076,1909f56bfc062723c751e8b465ee728b)  -> (artifact id: '429751e59e0aa6d6cb1603f81f88e3bd') in 0.012192 seconds 
  Import took 0.018560 seconds .

========================================================================
Received Import Request.
  Time since last request: 7.991866 seconds.
  path: Assets/Player/Animation/Animations Archer/standing run back.fbx
  artifactKey: Guid(7fa7fe068c3113a4fa884fa75eafb504) Importer(815301076,1909f56bfc062723c751e8b465ee728b)
Start importing Assets/Player/Animation/Animations Archer/standing run back.fbx using Guid(7fa7fe068c3113a4fa884fa75eafb504) Importer(815301076,1909f56bfc062723c751e8b465ee728b)  -> (artifact id: '9dfed6c908f0402209f4c97147626473') in 0.023091 seconds 
  Import took 0.028622 seconds .

========================================================================
Received Import Request.
  Time since last request: 48.138098 seconds.
  path: Assets/Player/Animation/Animations Archer/standing run back.fbx
  artifactKey: Guid(7fa7fe068c3113a4fa884fa75eafb504) Importer(815301076,1909f56bfc062723c751e8b465ee728b)
Start importing Assets/Player/Animation/Animations Archer/standing run back.fbx using Guid(7fa7fe068c3113a4fa884fa75eafb504) Importer(815301076,1909f56bfc062723c751e8b465ee728b)  -> (artifact id: '4be7e9f079f109410438c70ceb04d404') in 0.007550 seconds 
  Import took 0.013817 seconds .

========================================================================
Received Import Request.
  Time since last request: 46.766451 seconds.
  path: Assets/Player/Animation/Animations Archer/standing react small from headshot.fbx
  artifactKey: Guid(fc38b9cc9093e61489221f1365529ec8) Importer(815301076,1909f56bfc062723c751e8b465ee728b)
Start importing Assets/Player/Animation/Animations Archer/standing react small from headshot.fbx using Guid(fc38b9cc9093e61489221f1365529ec8) Importer(815301076,1909f56bfc062723c751e8b465ee728b)  -> (artifact id: '30a2d1ed823dc5a20bb2711e2e6771eb') in 0.019972 seconds 
  Import took 0.026026 seconds .

========================================================================
Received Import Request.
  Time since last request: 9.635230 seconds.
  path: Assets/Player/Animation/Animations Archer/standing react small from front.fbx
  artifactKey: Guid(0ff43ac982eaee043925ae74e4e273bd) Importer(815301076,1909f56bfc062723c751e8b465ee728b)
Start importing Assets/Player/Animation/Animations Archer/standing react small from front.fbx using Guid(0ff43ac982eaee043925ae74e4e273bd) Importer(815301076,1909f56bfc062723c751e8b465ee728b)  -> (artifact id: '4a80040f16eae41c1018b9ad124413ae') in 0.007474 seconds 
  Import took 0.013347 seconds .

========================================================================
Received Import Request.
  Time since last request: 16.595501 seconds.
  path: Assets/Player/Animation/Animations Archer/standing idle 03 examine.fbx
  artifactKey: Guid(99787d49ec9aeb04dadfab75baa83d4a) Importer(815301076,1909f56bfc062723c751e8b465ee728b)
Start importing Assets/Player/Animation/Animations Archer/standing idle 03 examine.fbx using Guid(99787d49ec9aeb04dadfab75baa83d4a) Importer(815301076,1909f56bfc062723c751e8b465ee728b)  -> (artifact id: '3188248e680bbc7ada12dc0b48199617') in 0.007553 seconds 
  Import took 0.014412 seconds .

========================================================================
Received Import Request.
  Time since last request: 33.916323 seconds.
  path: Assets/Player/Animation/Animations Archer/standing block.fbx
  artifactKey: Guid(6f7b7cffafa5a464799f33d4c4b6afc9) Importer(815301076,1909f56bfc062723c751e8b465ee728b)
Start importing Assets/Player/Animation/Animations Archer/standing block.fbx using Guid(6f7b7cffafa5a464799f33d4c4b6afc9) Importer(815301076,1909f56bfc062723c751e8b465ee728b)  -> (artifact id: '6be54fa21e8b7a37675328e2b28855e4') in 0.022497 seconds 
  Import took 0.028287 seconds .

========================================================================
Received Import Request.
  Time since last request: 6.740432 seconds.
  path: Assets/Player/Animation/Animations Archer/standing block.fbx
  artifactKey: Guid(6f7b7cffafa5a464799f33d4c4b6afc9) Importer(815301076,1909f56bfc062723c751e8b465ee728b)
Start importing Assets/Player/Animation/Animations Archer/standing block.fbx using Guid(6f7b7cffafa5a464799f33d4c4b6afc9) Importer(815301076,1909f56bfc062723c751e8b465ee728b)  -> (artifact id: '8ee2c289ce0ce764970fce2d5c8f30a4') in 0.008337 seconds 
  Import took 0.014838 seconds .

========================================================================
Received Import Request.
  Time since last request: 22.144128 seconds.
  path: Assets/Player/Animation/Animations Archer/standing block.fbx
  artifactKey: Guid(6f7b7cffafa5a464799f33d4c4b6afc9) Importer(815301076,1909f56bfc062723c751e8b465ee728b)
Start importing Assets/Player/Animation/Animations Archer/standing block.fbx using Guid(6f7b7cffafa5a464799f33d4c4b6afc9) Importer(815301076,1909f56bfc062723c751e8b465ee728b)  -> (artifact id: '47874dd2d0d4470986d76f1aee8fda97') in 0.008110 seconds 
  Import took 0.014387 seconds .

========================================================================
Received Import Request.
  Time since last request: 29.153017 seconds.
  path: Assets/Player/Animation/Animations Archer/standing run left.fbx
  artifactKey: Guid(7e2772957f42b8f4183d6acfe8731793) Importer(815301076,1909f56bfc062723c751e8b465ee728b)
Start importing Assets/Player/Animation/Animations Archer/standing run left.fbx using Guid(7e2772957f42b8f4183d6acfe8731793) Importer(815301076,1909f56bfc062723c751e8b465ee728b)  -> (artifact id: '122750fa53480f84a7a7c03cb8d7266b') in 0.037209 seconds 
  Import took 0.043132 seconds .

========================================================================
Received Import Request.
  Time since last request: 6.433482 seconds.
  path: Assets/Player/Animation/Animations Archer/standing run right.fbx
  artifactKey: Guid(323d3c5e734953747b2a206561f5e0ba) Importer(815301076,1909f56bfc062723c751e8b465ee728b)
Start importing Assets/Player/Animation/Animations Archer/standing run right.fbx using Guid(323d3c5e734953747b2a206561f5e0ba) Importer(815301076,1909f56bfc062723c751e8b465ee728b)  -> (artifact id: '4c92e1d0589a6a1fc62dedad263eb425') in 0.010877 seconds 
  Import took 0.016702 seconds .

========================================================================
Received Import Request.
  Time since last request: 9.506666 seconds.
  path: Assets/Player/Animation/Animations Archer/standing run right.fbx
  artifactKey: Guid(323d3c5e734953747b2a206561f5e0ba) Importer(815301076,1909f56bfc062723c751e8b465ee728b)
Start importing Assets/Player/Animation/Animations Archer/standing run right.fbx using Guid(323d3c5e734953747b2a206561f5e0ba) Importer(815301076,1909f56bfc062723c751e8b465ee728b)  -> (artifact id: '62bb21fdb37bcb8269d206633dd37726') in 0.007305 seconds 
  Import took 0.012817 seconds .

========================================================================
Received Import Request.
  Time since last request: 7.965472 seconds.
  path: Assets/Player/Animation/Animations Archer/standing run right.fbx
  artifactKey: Guid(323d3c5e734953747b2a206561f5e0ba) Importer(815301076,1909f56bfc062723c751e8b465ee728b)
Start importing Assets/Player/Animation/Animations Archer/standing run right.fbx using Guid(323d3c5e734953747b2a206561f5e0ba) Importer(815301076,1909f56bfc062723c751e8b465ee728b)  -> (artifact id: 'fd258daf3a5d495272e423bc38b18e6e') in 0.006980 seconds 
  Import took 0.013336 seconds .

========================================================================
Received Import Request.
  Time since last request: 3.571685 seconds.
  path: Assets/Player/Animation/Animations Archer/standing walk back.fbx
  artifactKey: Guid(0325525d46b6d9c478e95b8c963884f3) Importer(815301076,1909f56bfc062723c751e8b465ee728b)
Start importing Assets/Player/Animation/Animations Archer/standing walk back.fbx using Guid(0325525d46b6d9c478e95b8c963884f3) Importer(815301076,1909f56bfc062723c751e8b465ee728b)  -> (artifact id: '1ce1e2822ec848c7064810ff6e4cf7f4') in 0.010692 seconds 
  Import took 0.016560 seconds .

========================================================================
Received Import Request.
  Time since last request: 7.208632 seconds.
  path: Assets/Player/Animation/Animations Archer/standing walk back.fbx
  artifactKey: Guid(0325525d46b6d9c478e95b8c963884f3) Importer(815301076,1909f56bfc062723c751e8b465ee728b)
Start importing Assets/Player/Animation/Animations Archer/standing walk back.fbx using Guid(0325525d46b6d9c478e95b8c963884f3) Importer(815301076,1909f56bfc062723c751e8b465ee728b)  -> (artifact id: 'cb4c3c8c4aa306ebe48ec9a3d9cac29f') in 0.007222 seconds 
  Import took 0.020183 seconds .

========================================================================
Received Import Request.
  Time since last request: 41.867060 seconds.
  path: Assets/Player/Animation/Animations Archer/standing walk back.fbx
  artifactKey: Guid(0325525d46b6d9c478e95b8c963884f3) Importer(815301076,1909f56bfc062723c751e8b465ee728b)
Start importing Assets/Player/Animation/Animations Archer/standing walk back.fbx using Guid(0325525d46b6d9c478e95b8c963884f3) Importer(815301076,1909f56bfc062723c751e8b465ee728b)  -> (artifact id: '2545fbac1853a1eb979202bfba37097b') in 0.007928 seconds 
  Import took 0.013820 seconds .

========================================================================
Received Import Request.
  Time since last request: 4.724413 seconds.
  path: Assets/Player/Animation/Animations Archer/standing walk forward.fbx
  artifactKey: Guid(3eb6025b69f980a4b9fb0fdab5adf083) Importer(815301076,1909f56bfc062723c751e8b465ee728b)
Start importing Assets/Player/Animation/Animations Archer/standing walk forward.fbx using Guid(3eb6025b69f980a4b9fb0fdab5adf083) Importer(815301076,1909f56bfc062723c751e8b465ee728b)  -> (artifact id: 'fc6ffacb20d2a66dd0aa19c7a6a98322') in 0.010307 seconds 
  Import took 0.016143 seconds .

========================================================================
Received Import Request.
  Time since last request: 16.255000 seconds.
  path: Assets/Player/Animation/Animations Archer/standing walk forward.fbx
  artifactKey: Guid(3eb6025b69f980a4b9fb0fdab5adf083) Importer(815301076,1909f56bfc062723c751e8b465ee728b)
Start importing Assets/Player/Animation/Animations Archer/standing walk forward.fbx using Guid(3eb6025b69f980a4b9fb0fdab5adf083) Importer(815301076,1909f56bfc062723c751e8b465ee728b)  -> (artifact id: '1cc6547623974c4fac225c7f2c186cd1') in 0.007284 seconds 
  Import took 0.013673 seconds .

========================================================================
Received Import Request.
  Time since last request: 11.317786 seconds.
  path: Assets/Player/Animation/Animations Archer/standing walk left.fbx
  artifactKey: Guid(c3bdba6d6d48ce84b973908d70060ee9) Importer(815301076,1909f56bfc062723c751e8b465ee728b)
Start importing Assets/Player/Animation/Animations Archer/standing walk left.fbx using Guid(c3bdba6d6d48ce84b973908d70060ee9) Importer(815301076,1909f56bfc062723c751e8b465ee728b)  -> (artifact id: 'a6363eda8b1f9f7e37a485384ada7045') in 0.011246 seconds 
  Import took 0.018208 seconds .

========================================================================
Received Import Request.
  Time since last request: 12.522866 seconds.
  path: Assets/Player/Animation/Animations Archer/standing walk left.fbx
  artifactKey: Guid(c3bdba6d6d48ce84b973908d70060ee9) Importer(815301076,1909f56bfc062723c751e8b465ee728b)
Start importing Assets/Player/Animation/Animations Archer/standing walk left.fbx using Guid(c3bdba6d6d48ce84b973908d70060ee9) Importer(815301076,1909f56bfc062723c751e8b465ee728b)  -> (artifact id: '186fb245f4c8b8be475d976ab4e7e4c1') in 0.008031 seconds 
  Import took 0.014253 seconds .

========================================================================
Received Import Request.
  Time since last request: 27.911524 seconds.
  path: Assets/Player/Animation/Animations Archer/standing walk right.fbx
  artifactKey: Guid(9c08bfa8842cfc54a93e1aae9bb546b3) Importer(815301076,1909f56bfc062723c751e8b465ee728b)
Start importing Assets/Player/Animation/Animations Archer/standing walk right.fbx using Guid(9c08bfa8842cfc54a93e1aae9bb546b3) Importer(815301076,1909f56bfc062723c751e8b465ee728b)  -> (artifact id: '9794430661c2b16e10759b8275c025ad') in 0.011600 seconds 
  Import took 0.017243 seconds .

========================================================================
Received Import Request.
  Time since last request: 17.552637 seconds.
  path: Assets/Player/Animation/Animations Archer/standing walk right.fbx
  artifactKey: Guid(9c08bfa8842cfc54a93e1aae9bb546b3) Importer(815301076,1909f56bfc062723c751e8b465ee728b)
Start importing Assets/Player/Animation/Animations Archer/standing walk right.fbx using Guid(9c08bfa8842cfc54a93e1aae9bb546b3) Importer(815301076,1909f56bfc062723c751e8b465ee728b)  -> (artifact id: 'df502a12f044e2db7287ae991747fd1f') in 0.007182 seconds 
  Import took 0.013417 seconds .

========================================================================
Received Import Request.
  Time since last request: 3.913293 seconds.
  path: Assets/Player/Animation/Animations Archer/unarmed idle 01.fbx
  artifactKey: Guid(ae5f517266882f0458779c25106eb576) Importer(815301076,1909f56bfc062723c751e8b465ee728b)
Start importing Assets/Player/Animation/Animations Archer/unarmed idle 01.fbx using Guid(ae5f517266882f0458779c25106eb576) Importer(815301076,1909f56bfc062723c751e8b465ee728b)  -> (artifact id: '4975c08171db7f12e56629e3b56de8dc') in 0.010394 seconds 
  Import took 0.016373 seconds .

========================================================================
Received Import Request.
  Time since last request: 8.313207 seconds.
  path: Assets/Player/Animation/Animations Archer/unarmed idle 01.fbx
  artifactKey: Guid(ae5f517266882f0458779c25106eb576) Importer(815301076,1909f56bfc062723c751e8b465ee728b)
Start importing Assets/Player/Animation/Animations Archer/unarmed idle 01.fbx using Guid(ae5f517266882f0458779c25106eb576) Importer(815301076,1909f56bfc062723c751e8b465ee728b)  -> (artifact id: '977adce4e88cf9b7cc3c1df9567b145e') in 0.008032 seconds 
  Import took 0.015498 seconds .

========================================================================
Received Prepare
Registering precompiled user dll's ...
Registered in 0.003115 seconds.
Begin MonoManager ReloadAssembly
Native extension for WindowsStandalone target not found
Native extension for WebGL target not found
Refreshing native plugins compatible for Editor in 0.93 ms, found 2 plugins.
Preloading 0 native plugins for Editor in 0.00 ms.
Mono: successfully reloaded assembly
- Completed reload, in  1.111 seconds
Domain Reload Profiling:
	ReloadAssembly (1111ms)
		BeginReloadAssembly (103ms)
			ExecutionOrderSort (0ms)
			DisableScriptedObjects (5ms)
			BackupInstance (0ms)
			ReleaseScriptingObjects (0ms)
			CreateAndSetChildDomain (36ms)
		EndReloadAssembly (960ms)
			LoadAssemblies (76ms)
			RebuildTransferFunctionScriptingTraits (0ms)
			SetupTypeCache (310ms)
			ReleaseScriptCaches (2ms)
			RebuildScriptCaches (58ms)
			SetupLoadedEditorAssemblies (384ms)
				LogAssemblyErrors (0ms)
				InitializePlatformSupportModulesInManaged (4ms)
				SetLoadedEditorAssemblies (0ms)
				RefreshPlugins (1ms)
				BeforeProcessingInitializeOnLoad (77ms)
				ProcessInitializeOnLoadAttributes (263ms)
				ProcessInitializeOnLoadMethodAttributes (35ms)
				AfterProcessingInitializeOnLoad (4ms)
				EditorAssembliesLoaded (0ms)
			ExecutionOrderSort2 (0ms)
			AwakeInstancesAfterBackupRestoration (15ms)
Platform modules already initialized, skipping
Refreshing native plugins compatible for Editor in 0.89 ms, found 2 plugins.
Preloading 0 native plugins for Editor in 0.00 ms.
Unloading 4362 Unused Serialized files (Serialized files now loaded: 0)
System memory in use before: 190.7 MB.
System memory in use after: 191.0 MB.

Unloading 49 unused Assets to reduce memory usage. Loaded Objects now: 5050.
Total: 5.810900 ms (FindLiveObjects: 0.286400 ms CreateObjectMapping: 0.170000 ms MarkObjects: 5.327900 ms  DeleteObjects: 0.025600 ms)

AssetImportParameters requested are different than current active one (requested -> active):
  custom:framework-win-MediaFoundation: 216162199b28c13a410421893ffa2e32 -> 
  custom:video-decoder-ogg-theora: a1e56fd34408186e4bbccfd4996cb3dc -> 
  custom:container-muxer-webm: aa71ff27fc2769a1b78a27578f13a17b -> 
  custom:container-demuxer-webm: 4f35f7cbe854078d1ac9338744f61a02 -> 
  custom:container-demuxer-ogg: 62fdf1f143b41e24485cea50d1cbac27 -> 
  custom:video-encoder-webm-vp8: eb34c28f22e8b96e1ab97ce403110664 -> 
  custom:video-decoder-webm-vp8: 9c59270c3fd7afecdb556c50c9e8de78 -> 
  custom:audio-decoder-ogg-vorbis: bf7c407c2cedff20999df2af8eb42d56 -> 
  custom:audio-encoder-webm-vorbis: bf7c407c2cedff20999df2af8eb42d56 -> 
========================================================================
Received Prepare
Registering precompiled user dll's ...
Registered in 0.003207 seconds.
Begin MonoManager ReloadAssembly
Native extension for WindowsStandalone target not found
Native extension for WebGL target not found
Refreshing native plugins compatible for Editor in 0.88 ms, found 2 plugins.
Preloading 0 native plugins for Editor in 0.00 ms.
Mono: successfully reloaded assembly
- Completed reload, in  1.275 seconds
Domain Reload Profiling:
	ReloadAssembly (1275ms)
		BeginReloadAssembly (111ms)
			ExecutionOrderSort (0ms)
			DisableScriptedObjects (6ms)
			BackupInstance (0ms)
			ReleaseScriptingObjects (0ms)
			CreateAndSetChildDomain (41ms)
		EndReloadAssembly (1105ms)
			LoadAssemblies (97ms)
			RebuildTransferFunctionScriptingTraits (0ms)
			SetupTypeCache (378ms)
			ReleaseScriptCaches (1ms)
			RebuildScriptCaches (62ms)
			SetupLoadedEditorAssemblies (424ms)
				LogAssemblyErrors (0ms)
				InitializePlatformSupportModulesInManaged (5ms)
				SetLoadedEditorAssemblies (0ms)
				RefreshPlugins (1ms)
				BeforeProcessingInitializeOnLoad (83ms)
				ProcessInitializeOnLoadAttributes (294ms)
				ProcessInitializeOnLoadMethodAttributes (37ms)
				AfterProcessingInitializeOnLoad (3ms)
				EditorAssembliesLoaded (0ms)
			ExecutionOrderSort2 (0ms)
			AwakeInstancesAfterBackupRestoration (15ms)
Platform modules already initialized, skipping
Refreshing native plugins compatible for Editor in 0.83 ms, found 2 plugins.
Preloading 0 native plugins for Editor in 0.00 ms.
Unloading 4362 Unused Serialized files (Serialized files now loaded: 0)
System memory in use before: 190.8 MB.
System memory in use after: 191.1 MB.

Unloading 49 unused Assets to reduce memory usage. Loaded Objects now: 5052.
Total: 5.318000 ms (FindLiveObjects: 0.289500 ms CreateObjectMapping: 0.175000 ms MarkObjects: 4.827500 ms  DeleteObjects: 0.024800 ms)

AssetImportParameters requested are different than current active one (requested -> active):
  custom:framework-win-MediaFoundation: 216162199b28c13a410421893ffa2e32 -> 
  custom:video-decoder-ogg-theora: a1e56fd34408186e4bbccfd4996cb3dc -> 
  custom:container-muxer-webm: aa71ff27fc2769a1b78a27578f13a17b -> 
  custom:container-demuxer-webm: 4f35f7cbe854078d1ac9338744f61a02 -> 
  custom:container-demuxer-ogg: 62fdf1f143b41e24485cea50d1cbac27 -> 
  custom:video-encoder-webm-vp8: eb34c28f22e8b96e1ab97ce403110664 -> 
  custom:video-decoder-webm-vp8: 9c59270c3fd7afecdb556c50c9e8de78 -> 
  custom:audio-decoder-ogg-vorbis: bf7c407c2cedff20999df2af8eb42d56 -> 
  custom:audio-encoder-webm-vorbis: bf7c407c2cedff20999df2af8eb42d56 -> 
========================================================================
Received Prepare
Registering precompiled user dll's ...
Registered in 0.002997 seconds.
Begin MonoManager ReloadAssembly
Native extension for WindowsStandalone target not found
Native extension for WebGL target not found
Refreshing native plugins compatible for Editor in 0.85 ms, found 2 plugins.
Preloading 0 native plugins for Editor in 0.00 ms.
Mono: successfully reloaded assembly
- Completed reload, in  1.038 seconds
Domain Reload Profiling:
	ReloadAssembly (1039ms)
		BeginReloadAssembly (97ms)
			ExecutionOrderSort (0ms)
			DisableScriptedObjects (5ms)
			BackupInstance (0ms)
			ReleaseScriptingObjects (0ms)
			CreateAndSetChildDomain (32ms)
		EndReloadAssembly (895ms)
			LoadAssemblies (73ms)
			RebuildTransferFunctionScriptingTraits (0ms)
			SetupTypeCache (286ms)
			ReleaseScriptCaches (1ms)
			RebuildScriptCaches (54ms)
			SetupLoadedEditorAssemblies (357ms)
				LogAssemblyErrors (0ms)
				InitializePlatformSupportModulesInManaged (4ms)
				SetLoadedEditorAssemblies (0ms)
				RefreshPlugins (1ms)
				BeforeProcessingInitializeOnLoad (78ms)
				ProcessInitializeOnLoadAttributes (238ms)
				ProcessInitializeOnLoadMethodAttributes (33ms)
				AfterProcessingInitializeOnLoad (4ms)
				EditorAssembliesLoaded (0ms)
			ExecutionOrderSort2 (0ms)
			AwakeInstancesAfterBackupRestoration (12ms)
Platform modules already initialized, skipping
Refreshing native plugins compatible for Editor in 0.88 ms, found 2 plugins.
Preloading 0 native plugins for Editor in 0.00 ms.
Unloading 4362 Unused Serialized files (Serialized files now loaded: 0)
System memory in use before: 190.8 MB.
System memory in use after: 191.1 MB.

Unloading 49 unused Assets to reduce memory usage. Loaded Objects now: 5054.
Total: 5.059700 ms (FindLiveObjects: 0.288700 ms CreateObjectMapping: 0.204300 ms MarkObjects: 4.543400 ms  DeleteObjects: 0.022100 ms)

AssetImportParameters requested are different than current active one (requested -> active):
  custom:framework-win-MediaFoundation: 216162199b28c13a410421893ffa2e32 -> 
  custom:video-decoder-ogg-theora: a1e56fd34408186e4bbccfd4996cb3dc -> 
  custom:container-muxer-webm: aa71ff27fc2769a1b78a27578f13a17b -> 
  custom:container-demuxer-webm: 4f35f7cbe854078d1ac9338744f61a02 -> 
  custom:container-demuxer-ogg: 62fdf1f143b41e24485cea50d1cbac27 -> 
  custom:video-encoder-webm-vp8: eb34c28f22e8b96e1ab97ce403110664 -> 
  custom:video-decoder-webm-vp8: 9c59270c3fd7afecdb556c50c9e8de78 -> 
  custom:audio-decoder-ogg-vorbis: bf7c407c2cedff20999df2af8eb42d56 -> 
  custom:audio-encoder-webm-vorbis: bf7c407c2cedff20999df2af8eb42d56 -> 
AssetImportWorkerClient::OnTransportError - code=2 error=End of file
